 CALCULATION OF ARUPS SPECTRA FROM WAVECAR FILE

 record length  =       15632  spins =           1  prec flag        45200
 no. k points =         452
 no. bands =           8
 max. energy =   400.000000    
 real space lattice vectors:
 a1 =   2.14341283      -1.23749995       0.00000000    
 a2 =   2.14341283       1.23749995       0.00000000    
 a3 =   0.00000000       0.00000000       20.0000000    
  
 unit cell volume =   106.098938    
 reciprocal lattice vectors:
 b1 =   1.46569645      -2.53866076       0.00000000    
 b2 =   1.46569645       2.53866076      -0.00000000    
 b3 =  -0.00000000       0.00000000      0.314159274    
  

 read header from WAVECAR file
 Entering kx-ky plot mode ...

 Total number of k-points in WAVECAR :          452
                 Summation runs over :            1         452

 k point #           1   input no. of plane waves =        1871
 k value =   3.74200204E-16   3.74200204E-16   1.26237862E-15
 k point #           2   input no. of plane waves =        1865
 k value =   3.33333351E-02   3.71230824E-16   1.26237862E-15
 k point #           3   input no. of plane waves =        1863
 k value =   6.66666701E-02   3.67761377E-16   1.26237862E-15
 k point #           4   input no. of plane waves =        1871
 k value =  0.100000001       3.67761377E-16   1.26237862E-15
 k point #           5   input no. of plane waves =        1881
 k value =  0.133333340       3.74700271E-16   1.26237862E-15
 k point #           6   input no. of plane waves =        1891
 k value =  0.166666672       3.88578059E-16   1.26237862E-15
 k point #           7   input no. of plane waves =        1907
 k value =  0.200000003       3.88578059E-16   1.26237862E-15
 k point #           8   input no. of plane waves =        1919
 k value =  0.233333334       3.88578059E-16   1.26237862E-15
 k point #           9   input no. of plane waves =        1921
 k value =  0.266666681       3.88578059E-16   1.26237862E-15
 k point #          10   input no. of plane waves =        1923
 k value =  0.300000012       3.60822483E-16   1.26237862E-15
 k point #          11   input no. of plane waves =        1937
 k value =  0.333333343       3.33066907E-16   1.26237862E-15
 k point #          12   input no. of plane waves =        1931
 k value =  0.366666675       3.33066907E-16   1.26237862E-15
 k point #          13   input no. of plane waves =        1933
 k value =  0.400000006       3.33066907E-16   1.26237862E-15
 k point #          14   input no. of plane waves =        1931
 k value =  0.433333337       3.05311332E-16   1.26237862E-15
 k point #          15   input no. of plane waves =        1917
 k value =  0.466666669       3.33066907E-16   1.26237862E-15
 k point #          16   input no. of plane waves =        1910
 k value =  0.500000000       3.33066907E-16   1.26237862E-15
 k point #          17   input no. of plane waves =        1865
 k value =   3.71230824E-16   3.33333351E-02   1.26237862E-15
 k point #          18   input no. of plane waves =        1865
 k value =   3.33333351E-02   3.33333351E-02   1.26237862E-15
 k point #          19   input no. of plane waves =        1860
 k value =   6.66666701E-02   3.33333351E-02   1.26237862E-15
 k point #          20   input no. of plane waves =        1859
 k value =  0.100000001       3.33333351E-02   1.26237862E-15
 k point #          21   input no. of plane waves =        1862
 k value =  0.133333340       3.33333351E-02   1.26237862E-15
 k point #          22   input no. of plane waves =        1885
 k value =  0.166666672       3.33333351E-02   1.26237862E-15
 k point #          23   input no. of plane waves =        1895
 k value =  0.200000003       3.33333351E-02   1.26237862E-15
 k point #          24   input no. of plane waves =        1908
 k value =  0.233333334       3.33333351E-02   1.26237862E-15
 k point #          25   input no. of plane waves =        1914
 k value =  0.266666681       3.33333351E-02   1.26237862E-15
 k point #          26   input no. of plane waves =        1918
 k value =  0.300000012       3.33333351E-02   1.26237862E-15
 k point #          27   input no. of plane waves =        1928
 k value =  0.333333343       3.33333351E-02   1.26237862E-15
 k point #          28   input no. of plane waves =        1932
 k value =  0.366666675       3.33333351E-02   1.26237862E-15
 k point #          29   input no. of plane waves =        1931
 k value =  0.400000006       3.33333351E-02   1.26237862E-15
 k point #          30   input no. of plane waves =        1931
 k value =  0.433333337       3.33333351E-02   1.26237862E-15
 k point #          31   input no. of plane waves =        1941
 k value =  0.466666669       3.33333351E-02   1.26237862E-15
 k point #          32   input no. of plane waves =        1935
 k value =  0.500000000       3.33333351E-02   1.26237862E-15
 k point #          33   input no. of plane waves =        1935
 k value = -0.466666669       3.33333351E-02   1.26237862E-15
 k point #          34   input no. of plane waves =        1941
 k value = -0.433333337       3.33333351E-02   1.26237862E-15
 k point #          35   input no. of plane waves =        1931
 k value = -0.400000006       3.33333351E-02   1.26237862E-15
 k point #          36   input no. of plane waves =        1931
 k value = -0.366666675       3.33333351E-02   1.26237862E-15
 k point #          37   input no. of plane waves =        1932
 k value = -0.333333343       3.33333351E-02   1.26237862E-15
 k point #          38   input no. of plane waves =        1928
 k value = -0.300000012       3.33333351E-02   1.26237862E-15
 k point #          39   input no. of plane waves =        1918
 k value = -0.266666681       3.33333351E-02   1.26237862E-15
 k point #          40   input no. of plane waves =        1914
 k value = -0.233333334       3.33333351E-02   1.26237862E-15
 k point #          41   input no. of plane waves =        1908
 k value = -0.200000003       3.33333351E-02   1.26237862E-15
 k point #          42   input no. of plane waves =        1895
 k value = -0.166666672       3.33333351E-02   1.26237862E-15
 k point #          43   input no. of plane waves =        1885
 k value = -0.133333340       3.33333351E-02   1.26237862E-15
 k point #          44   input no. of plane waves =        1862
 k value = -0.100000001       3.33333351E-02   1.26237862E-15
 k point #          45   input no. of plane waves =        1859
 k value =  -6.66666701E-02   3.33333351E-02   1.26237862E-15
 k point #          46   input no. of plane waves =        1860
 k value =  -3.33333351E-02   3.33333351E-02   1.26237862E-15
 k point #          47   input no. of plane waves =        1863
 k value =   3.67761377E-16   6.66666701E-02   1.26237862E-15
 k point #          48   input no. of plane waves =        1860
 k value =   3.33333351E-02   6.66666701E-02   1.26237862E-15
 k point #          49   input no. of plane waves =        1863
 k value =   6.66666701E-02   6.66666701E-02   1.26237862E-15
 k point #          50   input no. of plane waves =        1859
 k value =  0.100000001       6.66666701E-02   1.26237862E-15
 k point #          51   input no. of plane waves =        1862
 k value =  0.133333340       6.66666701E-02   1.26237862E-15
 k point #          52   input no. of plane waves =        1873
 k value =  0.166666672       6.66666701E-02   1.26237862E-15
 k point #          53   input no. of plane waves =        1893
 k value =  0.200000003       6.66666701E-02   1.26237862E-15
 k point #          54   input no. of plane waves =        1907
 k value =  0.233333334       6.66666701E-02   1.26237862E-15
 k point #          55   input no. of plane waves =        1913
 k value =  0.266666681       6.66666701E-02   1.26237862E-15
 k point #          56   input no. of plane waves =        1923
 k value =  0.300000012       6.66666701E-02   1.26237862E-15
 k point #          57   input no. of plane waves =        1929
 k value =  0.333333343       6.66666701E-02   1.26237862E-15
 k point #          58   input no. of plane waves =        1941
 k value =  0.366666675       6.66666701E-02   1.26237862E-15
 k point #          59   input no. of plane waves =        1945
 k value =  0.400000006       6.66666701E-02   1.26237862E-15
 k point #          60   input no. of plane waves =        1941
 k value =  0.433333337       6.66666701E-02   1.26237862E-15
 k point #          61   input no. of plane waves =        1951
 k value =  0.466666669       6.66666701E-02   1.26237862E-15
 k point #          62   input no. of plane waves =        1945
 k value =  0.500000000       6.66666701E-02   1.26237862E-15
 k point #          63   input no. of plane waves =        1938
 k value = -0.466666669       6.66666701E-02   1.26237862E-15
 k point #          64   input no. of plane waves =        1945
 k value = -0.433333337       6.66666701E-02   1.26237862E-15
 k point #          65   input no. of plane waves =        1951
 k value = -0.400000006       6.66666701E-02   1.26237862E-15
 k point #          66   input no. of plane waves =        1941
 k value = -0.366666675       6.66666701E-02   1.26237862E-15
 k point #          67   input no. of plane waves =        1945
 k value = -0.333333343       6.66666701E-02   1.26237862E-15
 k point #          68   input no. of plane waves =        1941
 k value = -0.300000012       6.66666701E-02   1.26237862E-15
 k point #          69   input no. of plane waves =        1929
 k value = -0.266666681       6.66666701E-02   1.26237862E-15
 k point #          70   input no. of plane waves =        1923
 k value = -0.233333334       6.66666701E-02   1.26237862E-15
 k point #          71   input no. of plane waves =        1913
 k value = -0.200000003       6.66666701E-02   1.26237862E-15
 k point #          72   input no. of plane waves =        1907
 k value = -0.166666672       6.66666701E-02   1.26237862E-15
 k point #          73   input no. of plane waves =        1893
 k value = -0.133333340       6.66666701E-02   1.26237862E-15
 k point #          74   input no. of plane waves =        1873
 k value = -0.100000001       6.66666701E-02   1.26237862E-15
 k point #          75   input no. of plane waves =        1862
 k value =  -6.66666701E-02   6.66666701E-02   1.26237862E-15
 k point #          76   input no. of plane waves =        1859
 k value =  -3.33333351E-02   6.66666701E-02   1.26237862E-15
 k point #          77   input no. of plane waves =        1871
 k value =   3.67761377E-16  0.100000001       1.26237862E-15
 k point #          78   input no. of plane waves =        1859
 k value =   3.33333351E-02  0.100000001       1.26237862E-15
 k point #          79   input no. of plane waves =        1859
 k value =   6.66666701E-02  0.100000001       1.26237862E-15
 k point #          80   input no. of plane waves =        1871
 k value =  0.100000001      0.100000001       1.26237862E-15
 k point #          81   input no. of plane waves =        1862
 k value =  0.133333340      0.100000001       1.26237862E-15
 k point #          82   input no. of plane waves =        1873
 k value =  0.166666672      0.100000001       1.26237862E-15
 k point #          83   input no. of plane waves =        1888
 k value =  0.200000003      0.100000001       1.26237862E-15
 k point #          84   input no. of plane waves =        1904
 k value =  0.233333334      0.100000001       1.26237862E-15
 k point #          85   input no. of plane waves =        1920
 k value =  0.266666681      0.100000001       1.26237862E-15
 k point #          86   input no. of plane waves =        1922
 k value =  0.300000012      0.100000001       1.26237862E-15
 k point #          87   input no. of plane waves =        1931
 k value =  0.333333343      0.100000001       1.26237862E-15
 k point #          88   input no. of plane waves =        1939
 k value =  0.366666675      0.100000001       1.26237862E-15
 k point #          89   input no. of plane waves =        1941
 k value =  0.400000006      0.100000001       1.26237862E-15
 k point #          90   input no. of plane waves =        1947
 k value =  0.433333337      0.100000001       1.26237862E-15
 k point #          91   input no. of plane waves =        1945
 k value =  0.466666669      0.100000001       1.26237862E-15
 k point #          92   input no. of plane waves =        1949
 k value =  0.500000000      0.100000001       1.26237862E-15
 k point #          93   input no. of plane waves =        1941
 k value = -0.466666669      0.100000001       1.26237862E-15
 k point #          94   input no. of plane waves =        1941
 k value = -0.433333337      0.100000001       1.26237862E-15
 k point #          95   input no. of plane waves =        1949
 k value = -0.400000006      0.100000001       1.26237862E-15
 k point #          96   input no. of plane waves =        1945
 k value = -0.366666675      0.100000001       1.26237862E-15
 k point #          97   input no. of plane waves =        1947
 k value = -0.333333343      0.100000001       1.26237862E-15
 k point #          98   input no. of plane waves =        1941
 k value = -0.300000012      0.100000001       1.26237862E-15
 k point #          99   input no. of plane waves =        1939
 k value = -0.266666681      0.100000001       1.26237862E-15
 k point #         100   input no. of plane waves =        1931
 k value = -0.233333334      0.100000001       1.26237862E-15
 k point #         101   input no. of plane waves =        1922
 k value = -0.200000003      0.100000001       1.26237862E-15
 k point #         102   input no. of plane waves =        1920
 k value = -0.166666672      0.100000001       1.26237862E-15
 k point #         103   input no. of plane waves =        1904
 k value = -0.133333340      0.100000001       1.26237862E-15
 k point #         104   input no. of plane waves =        1888
 k value = -0.100000001      0.100000001       1.26237862E-15
 k point #         105   input no. of plane waves =        1873
 k value =  -6.66666701E-02  0.100000001       1.26237862E-15
 k point #         106   input no. of plane waves =        1862
 k value =  -3.33333351E-02  0.100000001       1.26237862E-15
 k point #         107   input no. of plane waves =        1881
 k value =   3.74700271E-16  0.133333340       1.26237862E-15
 k point #         108   input no. of plane waves =        1862
 k value =   3.33333351E-02  0.133333340       1.26237862E-15
 k point #         109   input no. of plane waves =        1862
 k value =   6.66666701E-02  0.133333340       1.26237862E-15
 k point #         110   input no. of plane waves =        1862
 k value =  0.100000001      0.133333340       1.26237862E-15
 k point #         111   input no. of plane waves =        1881
 k value =  0.133333340      0.133333340       1.26237862E-15
 k point #         112   input no. of plane waves =        1885
 k value =  0.166666672      0.133333340       1.26237862E-15
 k point #         113   input no. of plane waves =        1893
 k value =  0.200000003      0.133333340       1.26237862E-15
 k point #         114   input no. of plane waves =        1904
 k value =  0.233333334      0.133333340       1.26237862E-15
 k point #         115   input no. of plane waves =        1918
 k value =  0.266666681      0.133333340       1.26237862E-15
 k point #         116   input no. of plane waves =        1930
 k value =  0.300000012      0.133333340       1.26237862E-15
 k point #         117   input no. of plane waves =        1930
 k value =  0.333333343      0.133333340       1.26237862E-15
 k point #         118   input no. of plane waves =        1937
 k value =  0.366666675      0.133333340       1.26237862E-15
 k point #         119   input no. of plane waves =        1939
 k value =  0.400000006      0.133333340       1.26237862E-15
 k point #         120   input no. of plane waves =        1945
 k value =  0.433333337      0.133333340       1.26237862E-15
 k point #         121   input no. of plane waves =        1945
 k value =  0.466666669      0.133333340       1.26237862E-15
 k point #         122   input no. of plane waves =        1949
 k value =  0.500000000      0.133333340       1.26237862E-15
 k point #         123   input no. of plane waves =        1947
 k value = -0.466666669      0.133333340       1.26237862E-15
 k point #         124   input no. of plane waves =        1940
 k value = -0.433333337      0.133333340       1.26237862E-15
 k point #         125   input no. of plane waves =        1947
 k value = -0.400000006      0.133333340       1.26237862E-15
 k point #         126   input no. of plane waves =        1949
 k value = -0.366666675      0.133333340       1.26237862E-15
 k point #         127   input no. of plane waves =        1945
 k value = -0.333333343      0.133333340       1.26237862E-15
 k point #         128   input no. of plane waves =        1945
 k value = -0.300000012      0.133333340       1.26237862E-15
 k point #         129   input no. of plane waves =        1939
 k value = -0.266666681      0.133333340       1.26237862E-15
 k point #         130   input no. of plane waves =        1937
 k value = -0.233333334      0.133333340       1.26237862E-15
 k point #         131   input no. of plane waves =        1930
 k value = -0.200000003      0.133333340       1.26237862E-15
 k point #         132   input no. of plane waves =        1930
 k value = -0.166666672      0.133333340       1.26237862E-15
 k point #         133   input no. of plane waves =        1918
 k value = -0.133333340      0.133333340       1.26237862E-15
 k point #         134   input no. of plane waves =        1904
 k value = -0.100000001      0.133333340       1.26237862E-15
 k point #         135   input no. of plane waves =        1893
 k value =  -6.66666701E-02  0.133333340       1.26237862E-15
 k point #         136   input no. of plane waves =        1885
 k value =  -3.33333351E-02  0.133333340       1.26237862E-15
 k point #         137   input no. of plane waves =        1891
 k value =   3.88578059E-16  0.166666672       1.26237862E-15
 k point #         138   input no. of plane waves =        1885
 k value =   3.33333351E-02  0.166666672       1.26237862E-15
 k point #         139   input no. of plane waves =        1873
 k value =   6.66666701E-02  0.166666672       1.26237862E-15
 k point #         140   input no. of plane waves =        1873
 k value =  0.100000001      0.166666672       1.26237862E-15
 k point #         141   input no. of plane waves =        1885
 k value =  0.133333340      0.166666672       1.26237862E-15
 k point #         142   input no. of plane waves =        1891
 k value =  0.166666672      0.166666672       1.26237862E-15
 k point #         143   input no. of plane waves =        1895
 k value =  0.200000003      0.166666672       1.26237862E-15
 k point #         144   input no. of plane waves =        1907
 k value =  0.233333334      0.166666672       1.26237862E-15
 k point #         145   input no. of plane waves =        1920
 k value =  0.266666681      0.166666672       1.26237862E-15
 k point #         146   input no. of plane waves =        1930
 k value =  0.300000012      0.166666672       1.26237862E-15
 k point #         147   input no. of plane waves =        1928
 k value =  0.333333343      0.166666672       1.26237862E-15
 k point #         148   input no. of plane waves =        1938
 k value =  0.366666675      0.166666672       1.26237862E-15
 k point #         149   input no. of plane waves =        1936
 k value =  0.400000006      0.166666672       1.26237862E-15
 k point #         150   input no. of plane waves =        1949
 k value =  0.433333337      0.166666672       1.26237862E-15
 k point #         151   input no. of plane waves =        1953
 k value =  0.466666669      0.166666672       1.26237862E-15
 k point #         152   input no. of plane waves =        1951
 k value =  0.500000000      0.166666672       1.26237862E-15
 k point #         153   input no. of plane waves =        1951
 k value = -0.466666669      0.166666672       1.26237862E-15
 k point #         154   input no. of plane waves =        1947
 k value = -0.433333337      0.166666672       1.26237862E-15
iq=154 qsym=1 ib=   4 Ei=  -1.7946 Ekin=  18.9225 Ekin_set=  19.7171
 k point #         155   input no. of plane waves =        1947
 k value = -0.400000006      0.166666672       1.26237862E-15
iq=155 qsym=1 ib=   4 Ei=  -1.7946 Ekin=  18.9225 Ekin_set=  19.7171
 k point #         156   input no. of plane waves =        1951
 k value = -0.366666675      0.166666672       1.26237862E-15
 k point #         157   input no. of plane waves =        1951
 k value = -0.333333343      0.166666672       1.26237862E-15
 k point #         158   input no. of plane waves =        1953
 k value = -0.300000012      0.166666672       1.26237862E-15
 k point #         159   input no. of plane waves =        1949
 k value = -0.266666681      0.166666672       1.26237862E-15
 k point #         160   input no. of plane waves =        1936
 k value = -0.233333334      0.166666672       1.26237862E-15
 k point #         161   input no. of plane waves =        1938
 k value = -0.200000003      0.166666672       1.26237862E-15
 k point #         162   input no. of plane waves =        1928
 k value = -0.166666672      0.166666672       1.26237862E-15
 k point #         163   input no. of plane waves =        1930
 k value = -0.133333340      0.166666672       1.26237862E-15
 k point #         164   input no. of plane waves =        1920
 k value = -0.100000001      0.166666672       1.26237862E-15
 k point #         165   input no. of plane waves =        1907
 k value =  -6.66666701E-02  0.166666672       1.26237862E-15
 k point #         166   input no. of plane waves =        1895
 k value =  -3.33333351E-02  0.166666672       1.26237862E-15
 k point #         167   input no. of plane waves =        1907
 k value =   3.88578059E-16  0.200000003       1.26237862E-15
 k point #         168   input no. of plane waves =        1895
 k value =   3.33333351E-02  0.200000003       1.26237862E-15
 k point #         169   input no. of plane waves =        1893
 k value =   6.66666701E-02  0.200000003       1.26237862E-15
 k point #         170   input no. of plane waves =        1888
 k value =  0.100000001      0.200000003       1.26237862E-15
 k point #         171   input no. of plane waves =        1893
 k value =  0.133333340      0.200000003       1.26237862E-15
 k point #         172   input no. of plane waves =        1895
 k value =  0.166666672      0.200000003       1.26237862E-15
 k point #         173   input no. of plane waves =        1907
 k value =  0.200000003      0.200000003       1.26237862E-15
 k point #         174   input no. of plane waves =        1908
 k value =  0.233333334      0.200000003       1.26237862E-15
 k point #         175   input no. of plane waves =        1913
 k value =  0.266666681      0.200000003       1.26237862E-15
 k point #         176   input no. of plane waves =        1922
 k value =  0.300000012      0.200000003       1.26237862E-15
 k point #         177   input no. of plane waves =        1930
 k value =  0.333333343      0.200000003       1.26237862E-15
 k point #         178   input no. of plane waves =        1938
 k value =  0.366666675      0.200000003       1.26237862E-15
 k point #         179   input no. of plane waves =        1938
 k value =  0.400000006      0.200000003       1.26237862E-15
 k point #         180   input no. of plane waves =        1948
 k value =  0.433333337      0.200000003       1.26237862E-15
 k point #         181   input no. of plane waves =        1936
 k value =  0.466666669      0.200000003       1.26237862E-15
 k point #         182   input no. of plane waves =        1947
 k value =  0.500000000      0.200000003       1.26237862E-15
 k point #         183   input no. of plane waves =        1949
 k value = -0.466666669      0.200000003       1.26237862E-15
 k point #         184   input no. of plane waves =        1937
 k value = -0.433333337      0.200000003       1.26237862E-15
iq=184 qsym=1 ib=   4 Ei=  -1.6781 Ekin=  19.0390 Ekin_set=  19.7171
 k point #         185   input no. of plane waves =        1928
 k value = -0.400000006      0.200000003       1.26237862E-15
iq=185 qsym=1 ib=   4 Ei=  -1.4876 Ekin=  19.2295 Ekin_set=  19.7171
 k point #         186   input no. of plane waves =        1937
 k value = -0.366666675      0.200000003       1.26237862E-15
iq=186 qsym=1 ib=   4 Ei=  -1.6781 Ekin=  19.0390 Ekin_set=  19.7171
 k point #         187   input no. of plane waves =        1949
 k value = -0.333333343      0.200000003       1.26237862E-15
 k point #         188   input no. of plane waves =        1947
 k value = -0.300000012      0.200000003       1.26237862E-15
 k point #         189   input no. of plane waves =        1936
 k value = -0.266666681      0.200000003       1.26237862E-15
 k point #         190   input no. of plane waves =        1948
 k value = -0.233333334      0.200000003       1.26237862E-15
 k point #         191   input no. of plane waves =        1938
 k value = -0.200000003      0.200000003       1.26237862E-15
 k point #         192   input no. of plane waves =        1938
 k value = -0.166666672      0.200000003       1.26237862E-15
 k point #         193   input no. of plane waves =        1930
 k value = -0.133333340      0.200000003       1.26237862E-15
 k point #         194   input no. of plane waves =        1922
 k value = -0.100000001      0.200000003       1.26237862E-15
 k point #         195   input no. of plane waves =        1913
 k value =  -6.66666701E-02  0.200000003       1.26237862E-15
 k point #         196   input no. of plane waves =        1908
 k value =  -3.33333351E-02  0.200000003       1.26237862E-15
 k point #         197   input no. of plane waves =        1919
 k value =   3.88578059E-16  0.233333334       1.26237862E-15
 k point #         198   input no. of plane waves =        1908
 k value =   3.33333351E-02  0.233333334       1.26237862E-15
 k point #         199   input no. of plane waves =        1907
 k value =   6.66666701E-02  0.233333334       1.26237862E-15
 k point #         200   input no. of plane waves =        1904
 k value =  0.100000001      0.233333334       1.26237862E-15
 k point #         201   input no. of plane waves =        1904
 k value =  0.133333340      0.233333334       1.26237862E-15
 k point #         202   input no. of plane waves =        1907
 k value =  0.166666672      0.233333334       1.26237862E-15
 k point #         203   input no. of plane waves =        1908
 k value =  0.200000003      0.233333334       1.26237862E-15
 k point #         204   input no. of plane waves =        1919
 k value =  0.233333334      0.233333334       1.26237862E-15
 k point #         205   input no. of plane waves =        1914
 k value =  0.266666681      0.233333334       1.26237862E-15
 k point #         206   input no. of plane waves =        1923
 k value =  0.300000012      0.233333334       1.26237862E-15
 k point #         207   input no. of plane waves =        1931
 k value =  0.333333343      0.233333334       1.26237862E-15
 k point #         208   input no. of plane waves =        1937
 k value =  0.366666675      0.233333334       1.26237862E-15
 k point #         209   input no. of plane waves =        1936
 k value =  0.400000006      0.233333334       1.26237862E-15
 k point #         210   input no. of plane waves =        1948
 k value =  0.433333337      0.233333334       1.26237862E-15
 k point #         211   input no. of plane waves =        1948
 k value =  0.466666669      0.233333334       1.26237862E-15
 k point #         212   input no. of plane waves =        1940
 k value =  0.500000000      0.233333334       1.26237862E-15
 k point #         213   input no. of plane waves =        1943
 k value = -0.466666669      0.233333334       1.26237862E-15
 k point #         214   input no. of plane waves =        1949
 k value = -0.433333337      0.233333334       1.26237862E-15
iq=214 qsym=1 ib=   4 Ei=  -1.6081 Ekin=  19.1090 Ekin_set=  19.7171
 k point #         215   input no. of plane waves =        1935
 k value = -0.400000006      0.233333334       1.26237862E-15
iq=215 qsym=1 ib=   4 Ei=  -1.2385 Ekin=  19.4786 Ekin_set=  19.7171
 k point #         216   input no. of plane waves =        1935
 k value = -0.366666675      0.233333334       1.26237862E-15
iq=216 qsym=1 ib=   4 Ei=  -1.2385 Ekin=  19.4786 Ekin_set=  19.7171
 k point #         217   input no. of plane waves =        1949
 k value = -0.333333343      0.233333334       1.26237862E-15
iq=217 qsym=1 ib=   4 Ei=  -1.6081 Ekin=  19.1090 Ekin_set=  19.7171
 k point #         218   input no. of plane waves =        1943
 k value = -0.300000012      0.233333334       1.26237862E-15
 k point #         219   input no. of plane waves =        1940
 k value = -0.266666681      0.233333334       1.26237862E-15
 k point #         220   input no. of plane waves =        1948
 k value = -0.233333334      0.233333334       1.26237862E-15
 k point #         221   input no. of plane waves =        1948
 k value = -0.200000003      0.233333334       1.26237862E-15
 k point #         222   input no. of plane waves =        1936
 k value = -0.166666672      0.233333334       1.26237862E-15
 k point #         223   input no. of plane waves =        1937
 k value = -0.133333340      0.233333334       1.26237862E-15
 k point #         224   input no. of plane waves =        1931
 k value = -0.100000001      0.233333334       1.26237862E-15
 k point #         225   input no. of plane waves =        1923
 k value =  -6.66666701E-02  0.233333334       1.26237862E-15
 k point #         226   input no. of plane waves =        1914
 k value =  -3.33333351E-02  0.233333334       1.26237862E-15
 k point #         227   input no. of plane waves =        1921
 k value =   3.88578059E-16  0.266666681       1.26237862E-15
 k point #         228   input no. of plane waves =        1914
 k value =   3.33333351E-02  0.266666681       1.26237862E-15
 k point #         229   input no. of plane waves =        1913
 k value =   6.66666701E-02  0.266666681       1.26237862E-15
 k point #         230   input no. of plane waves =        1920
 k value =  0.100000001      0.266666681       1.26237862E-15
 k point #         231   input no. of plane waves =        1918
 k value =  0.133333340      0.266666681       1.26237862E-15
 k point #         232   input no. of plane waves =        1920
 k value =  0.166666672      0.266666681       1.26237862E-15
 k point #         233   input no. of plane waves =        1913
 k value =  0.200000003      0.266666681       1.26237862E-15
 k point #         234   input no. of plane waves =        1914
 k value =  0.233333334      0.266666681       1.26237862E-15
 k point #         235   input no. of plane waves =        1921
 k value =  0.266666681      0.266666681       1.26237862E-15
 k point #         236   input no. of plane waves =        1918
 k value =  0.300000012      0.266666681       1.26237862E-15
 k point #         237   input no. of plane waves =        1929
 k value =  0.333333343      0.266666681       1.26237862E-15
 k point #         238   input no. of plane waves =        1939
 k value =  0.366666675      0.266666681       1.26237862E-15
 k point #         239   input no. of plane waves =        1939
 k value =  0.400000006      0.266666681       1.26237862E-15
 k point #         240   input no. of plane waves =        1949
 k value =  0.433333337      0.266666681       1.26237862E-15
 k point #         241   input no. of plane waves =        1936
 k value =  0.466666669      0.266666681       1.26237862E-15
 k point #         242   input no. of plane waves =        1940
 k value =  0.500000000      0.266666681       1.26237862E-15
 k point #         243   input no. of plane waves =        1942
 k value = -0.466666669      0.266666681       1.26237862E-15
 k point #         244   input no. of plane waves =        1940
 k value = -0.433333337      0.266666681       1.26237862E-15
iq=244 qsym=1 ib=   4 Ei=  -1.5758 Ekin=  19.1413 Ekin_set=  19.7171
 k point #         245   input no. of plane waves =        1941
 k value = -0.400000006      0.266666681       1.26237862E-15
iq=245 qsym=1 ib=   4 Ei=  -1.0735 Ekin=  19.6436 Ekin_set=  19.7171
 k point #         246   input no. of plane waves =        1936
 k value = -0.366666675      0.266666681       1.26237862E-15
iq=246 qsym=1 ib=   4 Ei=  -0.8331 Ekin=  19.8840 Ekin_set=  19.7171
 k point #         247   input no. of plane waves =        1941
 k value = -0.333333343      0.266666681       1.26237862E-15
iq=247 qsym=1 ib=   4 Ei=  -1.0735 Ekin=  19.6436 Ekin_set=  19.7171
 k point #         248   input no. of plane waves =        1940
 k value = -0.300000012      0.266666681       1.26237862E-15
iq=248 qsym=1 ib=   4 Ei=  -1.5758 Ekin=  19.1413 Ekin_set=  19.7171
 k point #         249   input no. of plane waves =        1942
 k value = -0.266666681      0.266666681       1.26237862E-15
 k point #         250   input no. of plane waves =        1940
 k value = -0.233333334      0.266666681       1.26237862E-15
 k point #         251   input no. of plane waves =        1936
 k value = -0.200000003      0.266666681       1.26237862E-15
 k point #         252   input no. of plane waves =        1949
 k value = -0.166666672      0.266666681       1.26237862E-15
 k point #         253   input no. of plane waves =        1939
 k value = -0.133333340      0.266666681       1.26237862E-15
 k point #         254   input no. of plane waves =        1939
 k value = -0.100000001      0.266666681       1.26237862E-15
 k point #         255   input no. of plane waves =        1929
 k value =  -6.66666701E-02  0.266666681       1.26237862E-15
 k point #         256   input no. of plane waves =        1918
 k value =  -3.33333351E-02  0.266666681       1.26237862E-15
 k point #         257   input no. of plane waves =        1923
 k value =   3.60822483E-16  0.300000012       1.26237862E-15
 k point #         258   input no. of plane waves =        1918
 k value =   3.33333351E-02  0.300000012       1.26237862E-15
 k point #         259   input no. of plane waves =        1923
 k value =   6.66666701E-02  0.300000012       1.26237862E-15
 k point #         260   input no. of plane waves =        1922
 k value =  0.100000001      0.300000012       1.26237862E-15
 k point #         261   input no. of plane waves =        1930
 k value =  0.133333340      0.300000012       1.26237862E-15
 k point #         262   input no. of plane waves =        1930
 k value =  0.166666672      0.300000012       1.26237862E-15
 k point #         263   input no. of plane waves =        1922
 k value =  0.200000003      0.300000012       1.26237862E-15
 k point #         264   input no. of plane waves =        1923
 k value =  0.233333334      0.300000012       1.26237862E-15
 k point #         265   input no. of plane waves =        1918
 k value =  0.266666681      0.300000012       1.26237862E-15
 k point #         266   input no. of plane waves =        1923
 k value =  0.300000012      0.300000012       1.26237862E-15
 k point #         267   input no. of plane waves =        1928
 k value =  0.333333343      0.300000012       1.26237862E-15
 k point #         268   input no. of plane waves =        1941
 k value =  0.366666675      0.300000012       1.26237862E-15
 k point #         269   input no. of plane waves =        1941
 k value =  0.400000006      0.300000012       1.26237862E-15
 k point #         270   input no. of plane waves =        1945
 k value =  0.433333337      0.300000012       1.26237862E-15
 k point #         271   input no. of plane waves =        1953
 k value =  0.466666669      0.300000012       1.26237862E-15
 k point #         272   input no. of plane waves =        1947
 k value =  0.500000000      0.300000012       1.26237862E-15
 k point #         273   input no. of plane waves =        1943
 k value = -0.466666669      0.300000012       1.26237862E-15
 k point #         274   input no. of plane waves =        1940
 k value = -0.433333337      0.300000012       1.26237862E-15
iq=274 qsym=1 ib=   4 Ei=  -1.5758 Ekin=  19.1413 Ekin_set=  19.7171
 k point #         275   input no. of plane waves =        1934
 k value = -0.400000006      0.300000012       1.26237862E-15
iq=275 qsym=1 ib=   4 Ei=  -1.0153 Ekin=  19.7018 Ekin_set=  19.7171
 k point #         276   input no. of plane waves =        1930
 k value = -0.366666675      0.300000012       1.26237862E-15
iq=276 qsym=1 ib=   4 Ei=  -0.5350 Ekin=  20.1821 Ekin_set=  19.7171
 k point #         277   input no. of plane waves =        1930
 k value = -0.333333343      0.300000012       1.26237862E-15
iq=277 qsym=1 ib=   4 Ei=  -0.5350 Ekin=  20.1821 Ekin_set=  19.7171
 k point #         278   input no. of plane waves =        1934
 k value = -0.300000012      0.300000012       1.26237862E-15
iq=278 qsym=1 ib=   4 Ei=  -1.0153 Ekin=  19.7018 Ekin_set=  19.7171
 k point #         279   input no. of plane waves =        1940
 k value = -0.266666681      0.300000012       1.26237862E-15
iq=279 qsym=1 ib=   4 Ei=  -1.5758 Ekin=  19.1413 Ekin_set=  19.7171
 k point #         280   input no. of plane waves =        1943
 k value = -0.233333334      0.300000012       1.26237862E-15
 k point #         281   input no. of plane waves =        1947
 k value = -0.200000003      0.300000012       1.26237862E-15
 k point #         282   input no. of plane waves =        1953
 k value = -0.166666672      0.300000012       1.26237862E-15
 k point #         283   input no. of plane waves =        1945
 k value = -0.133333340      0.300000012       1.26237862E-15
 k point #         284   input no. of plane waves =        1941
 k value = -0.100000001      0.300000012       1.26237862E-15
 k point #         285   input no. of plane waves =        1941
 k value =  -6.66666701E-02  0.300000012       1.26237862E-15
 k point #         286   input no. of plane waves =        1928
 k value =  -3.33333351E-02  0.300000012       1.26237862E-15
 k point #         287   input no. of plane waves =        1937
 k value =   3.33066907E-16  0.333333343       1.26237862E-15
 k point #         288   input no. of plane waves =        1928
 k value =   3.33333351E-02  0.333333343       1.26237862E-15
 k point #         289   input no. of plane waves =        1929
 k value =   6.66666701E-02  0.333333343       1.26237862E-15
 k point #         290   input no. of plane waves =        1931
 k value =  0.100000001      0.333333343       1.26237862E-15
 k point #         291   input no. of plane waves =        1930
 k value =  0.133333340      0.333333343       1.26237862E-15
 k point #         292   input no. of plane waves =        1928
 k value =  0.166666672      0.333333343       1.26237862E-15
 k point #         293   input no. of plane waves =        1930
 k value =  0.200000003      0.333333343       1.26237862E-15
 k point #         294   input no. of plane waves =        1931
 k value =  0.233333334      0.333333343       1.26237862E-15
 k point #         295   input no. of plane waves =        1929
 k value =  0.266666681      0.333333343       1.26237862E-15
 k point #         296   input no. of plane waves =        1928
 k value =  0.300000012      0.333333343       1.26237862E-15
 k point #         297   input no. of plane waves =        1937
 k value =  0.333333343      0.333333343       1.26237862E-15
 k point #         298   input no. of plane waves =        1932
 k value =  0.366666675      0.333333343       1.26237862E-15
 k point #         299   input no. of plane waves =        1945
 k value =  0.400000006      0.333333343       1.26237862E-15
 k point #         300   input no. of plane waves =        1947
 k value =  0.433333337      0.333333343       1.26237862E-15
 k point #         301   input no. of plane waves =        1945
 k value =  0.466666669      0.333333343       1.26237862E-15
 k point #         302   input no. of plane waves =        1951
 k value =  0.500000000      0.333333343       1.26237862E-15
 k point #         303   input no. of plane waves =        1949
 k value = -0.466666669      0.333333343       1.26237862E-15
 k point #         304   input no. of plane waves =        1949
 k value = -0.433333337      0.333333343       1.26237862E-15
iq=304 qsym=1 ib=   4 Ei=  -1.6081 Ekin=  19.1090 Ekin_set=  19.7171
 k point #         305   input no. of plane waves =        1941
 k value = -0.400000006      0.333333343       1.26237862E-15
iq=305 qsym=1 ib=   4 Ei=  -1.0735 Ekin=  19.6436 Ekin_set=  19.7171
 k point #         306   input no. of plane waves =        1930
 k value = -0.366666675      0.333333343       1.26237862E-15
iq=306 qsym=1 ib=   4 Ei=  -0.5350 Ekin=  20.1821 Ekin_set=  19.7171
 k point #         307   input no. of plane waves =        1914
 k value = -0.333333343      0.333333343       1.26237862E-15
 k point #         308   input no. of plane waves =        1930
 k value = -0.300000012      0.333333343       1.26237862E-15
iq=308 qsym=1 ib=   4 Ei=  -0.5350 Ekin=  20.1821 Ekin_set=  19.7171
 k point #         309   input no. of plane waves =        1941
 k value = -0.266666681      0.333333343       1.26237862E-15
iq=309 qsym=1 ib=   4 Ei=  -1.0735 Ekin=  19.6436 Ekin_set=  19.7171
 k point #         310   input no. of plane waves =        1949
 k value = -0.233333334      0.333333343       1.26237862E-15
iq=310 qsym=1 ib=   4 Ei=  -1.6081 Ekin=  19.1090 Ekin_set=  19.7171
 k point #         311   input no. of plane waves =        1949
 k value = -0.200000003      0.333333343       1.26237862E-15
 k point #         312   input no. of plane waves =        1951
 k value = -0.166666672      0.333333343       1.26237862E-15
 k point #         313   input no. of plane waves =        1945
 k value = -0.133333340      0.333333343       1.26237862E-15
 k point #         314   input no. of plane waves =        1947
 k value = -0.100000001      0.333333343       1.26237862E-15
 k point #         315   input no. of plane waves =        1945
 k value =  -6.66666701E-02  0.333333343       1.26237862E-15
 k point #         316   input no. of plane waves =        1932
 k value =  -3.33333351E-02  0.333333343       1.26237862E-15
 k point #         317   input no. of plane waves =        1931
 k value =   3.33066907E-16  0.366666675       1.26237862E-15
 k point #         318   input no. of plane waves =        1932
 k value =   3.33333351E-02  0.366666675       1.26237862E-15
 k point #         319   input no. of plane waves =        1941
 k value =   6.66666701E-02  0.366666675       1.26237862E-15
 k point #         320   input no. of plane waves =        1939
 k value =  0.100000001      0.366666675       1.26237862E-15
 k point #         321   input no. of plane waves =        1937
 k value =  0.133333340      0.366666675       1.26237862E-15
 k point #         322   input no. of plane waves =        1938
 k value =  0.166666672      0.366666675       1.26237862E-15
 k point #         323   input no. of plane waves =        1938
 k value =  0.200000003      0.366666675       1.26237862E-15
 k point #         324   input no. of plane waves =        1937
 k value =  0.233333334      0.366666675       1.26237862E-15
 k point #         325   input no. of plane waves =        1939
 k value =  0.266666681      0.366666675       1.26237862E-15
 k point #         326   input no. of plane waves =        1941
 k value =  0.300000012      0.366666675       1.26237862E-15
 k point #         327   input no. of plane waves =        1932
 k value =  0.333333343      0.366666675       1.26237862E-15
 k point #         328   input no. of plane waves =        1931
 k value =  0.366666675      0.366666675       1.26237862E-15
 k point #         329   input no. of plane waves =        1931
 k value =  0.400000006      0.366666675       1.26237862E-15
 k point #         330   input no. of plane waves =        1941
 k value =  0.433333337      0.366666675       1.26237862E-15
 k point #         331   input no. of plane waves =        1945
 k value =  0.466666669      0.366666675       1.26237862E-15
 k point #         332   input no. of plane waves =        1949
 k value =  0.500000000      0.366666675       1.26237862E-15
 k point #         333   input no. of plane waves =        1951
 k value = -0.466666669      0.366666675       1.26237862E-15
 k point #         334   input no. of plane waves =        1937
 k value = -0.433333337      0.366666675       1.26237862E-15
iq=334 qsym=1 ib=   4 Ei=  -1.6781 Ekin=  19.0390 Ekin_set=  19.7171
 k point #         335   input no. of plane waves =        1935
 k value = -0.400000006      0.366666675       1.26237862E-15
iq=335 qsym=1 ib=   4 Ei=  -1.2385 Ekin=  19.4786 Ekin_set=  19.7171
 k point #         336   input no. of plane waves =        1936
 k value = -0.366666675      0.366666675       1.26237862E-15
iq=336 qsym=1 ib=   4 Ei=  -0.8331 Ekin=  19.8840 Ekin_set=  19.7171
 k point #         337   input no. of plane waves =        1930
 k value = -0.333333343      0.366666675       1.26237862E-15
iq=337 qsym=1 ib=   4 Ei=  -0.5350 Ekin=  20.1821 Ekin_set=  19.7171
 k point #         338   input no. of plane waves =        1930
 k value = -0.300000012      0.366666675       1.26237862E-15
iq=338 qsym=1 ib=   4 Ei=  -0.5350 Ekin=  20.1821 Ekin_set=  19.7171
 k point #         339   input no. of plane waves =        1936
 k value = -0.266666681      0.366666675       1.26237862E-15
iq=339 qsym=1 ib=   4 Ei=  -0.8331 Ekin=  19.8840 Ekin_set=  19.7171
 k point #         340   input no. of plane waves =        1935
 k value = -0.233333334      0.366666675       1.26237862E-15
iq=340 qsym=1 ib=   4 Ei=  -1.2385 Ekin=  19.4786 Ekin_set=  19.7171
 k point #         341   input no. of plane waves =        1937
 k value = -0.200000003      0.366666675       1.26237862E-15
iq=341 qsym=1 ib=   4 Ei=  -1.6781 Ekin=  19.0390 Ekin_set=  19.7171
 k point #         342   input no. of plane waves =        1951
 k value = -0.166666672      0.366666675       1.26237862E-15
 k point #         343   input no. of plane waves =        1949
 k value = -0.133333340      0.366666675       1.26237862E-15
 k point #         344   input no. of plane waves =        1945
 k value = -0.100000001      0.366666675       1.26237862E-15
 k point #         345   input no. of plane waves =        1941
 k value =  -6.66666701E-02  0.366666675       1.26237862E-15
 k point #         346   input no. of plane waves =        1931
 k value =  -3.33333351E-02  0.366666675       1.26237862E-15
 k point #         347   input no. of plane waves =        1933
 k value =   3.33066907E-16  0.400000006       1.26237862E-15
 k point #         348   input no. of plane waves =        1931
 k value =   3.33333351E-02  0.400000006       1.26237862E-15
 k point #         349   input no. of plane waves =        1945
 k value =   6.66666701E-02  0.400000006       1.26237862E-15
 k point #         350   input no. of plane waves =        1941
 k value =  0.100000001      0.400000006       1.26237862E-15
 k point #         351   input no. of plane waves =        1939
 k value =  0.133333340      0.400000006       1.26237862E-15
 k point #         352   input no. of plane waves =        1936
 k value =  0.166666672      0.400000006       1.26237862E-15
 k point #         353   input no. of plane waves =        1938
 k value =  0.200000003      0.400000006       1.26237862E-15
 k point #         354   input no. of plane waves =        1936
 k value =  0.233333334      0.400000006       1.26237862E-15
 k point #         355   input no. of plane waves =        1939
 k value =  0.266666681      0.400000006       1.26237862E-15
 k point #         356   input no. of plane waves =        1941
 k value =  0.300000012      0.400000006       1.26237862E-15
 k point #         357   input no. of plane waves =        1945
 k value =  0.333333343      0.400000006       1.26237862E-15
 k point #         358   input no. of plane waves =        1931
 k value =  0.366666675      0.400000006       1.26237862E-15
 k point #         359   input no. of plane waves =        1933
 k value =  0.400000006      0.400000006       1.26237862E-15
 k point #         360   input no. of plane waves =        1931
 k value =  0.433333337      0.400000006       1.26237862E-15
 k point #         361   input no. of plane waves =        1951
 k value =  0.466666669      0.400000006       1.26237862E-15
 k point #         362   input no. of plane waves =        1949
 k value =  0.500000000      0.400000006       1.26237862E-15
 k point #         363   input no. of plane waves =        1947
 k value = -0.466666669      0.400000006       1.26237862E-15
 k point #         364   input no. of plane waves =        1947
 k value = -0.433333337      0.400000006       1.26237862E-15
iq=364 qsym=1 ib=   4 Ei=  -1.7946 Ekin=  18.9225 Ekin_set=  19.7171
 k point #         365   input no. of plane waves =        1928
 k value = -0.400000006      0.400000006       1.26237862E-15
iq=365 qsym=1 ib=   4 Ei=  -1.4876 Ekin=  19.2295 Ekin_set=  19.7171
 k point #         366   input no. of plane waves =        1935
 k value = -0.366666675      0.400000006       1.26237862E-15
iq=366 qsym=1 ib=   4 Ei=  -1.2385 Ekin=  19.4786 Ekin_set=  19.7171
 k point #         367   input no. of plane waves =        1941
 k value = -0.333333343      0.400000006       1.26237862E-15
iq=367 qsym=1 ib=   4 Ei=  -1.0735 Ekin=  19.6436 Ekin_set=  19.7171
 k point #         368   input no. of plane waves =        1934
 k value = -0.300000012      0.400000006       1.26237862E-15
iq=368 qsym=1 ib=   4 Ei=  -1.0153 Ekin=  19.7018 Ekin_set=  19.7171
 k point #         369   input no. of plane waves =        1941
 k value = -0.266666681      0.400000006       1.26237862E-15
iq=369 qsym=1 ib=   4 Ei=  -1.0735 Ekin=  19.6436 Ekin_set=  19.7171
 k point #         370   input no. of plane waves =        1935
 k value = -0.233333334      0.400000006       1.26237862E-15
iq=370 qsym=1 ib=   4 Ei=  -1.2385 Ekin=  19.4786 Ekin_set=  19.7171
 k point #         371   input no. of plane waves =        1928
 k value = -0.200000003      0.400000006       1.26237862E-15
iq=371 qsym=1 ib=   4 Ei=  -1.4876 Ekin=  19.2295 Ekin_set=  19.7171
 k point #         372   input no. of plane waves =        1947
 k value = -0.166666672      0.400000006       1.26237862E-15
iq=372 qsym=1 ib=   4 Ei=  -1.7946 Ekin=  18.9225 Ekin_set=  19.7171
 k point #         373   input no. of plane waves =        1947
 k value = -0.133333340      0.400000006       1.26237862E-15
 k point #         374   input no. of plane waves =        1949
 k value = -0.100000001      0.400000006       1.26237862E-15
 k point #         375   input no. of plane waves =        1951
 k value =  -6.66666701E-02  0.400000006       1.26237862E-15
 k point #         376   input no. of plane waves =        1931
 k value =  -3.33333351E-02  0.400000006       1.26237862E-15
 k point #         377   input no. of plane waves =        1931
 k value =   3.05311332E-16  0.433333337       1.26237862E-15
 k point #         378   input no. of plane waves =        1931
 k value =   3.33333351E-02  0.433333337       1.26237862E-15
 k point #         379   input no. of plane waves =        1941
 k value =   6.66666701E-02  0.433333337       1.26237862E-15
 k point #         380   input no. of plane waves =        1947
 k value =  0.100000001      0.433333337       1.26237862E-15
 k point #         381   input no. of plane waves =        1945
 k value =  0.133333340      0.433333337       1.26237862E-15
 k point #         382   input no. of plane waves =        1949
 k value =  0.166666672      0.433333337       1.26237862E-15
 k point #         383   input no. of plane waves =        1948
 k value =  0.200000003      0.433333337       1.26237862E-15
 k point #         384   input no. of plane waves =        1948
 k value =  0.233333334      0.433333337       1.26237862E-15
 k point #         385   input no. of plane waves =        1949
 k value =  0.266666681      0.433333337       1.26237862E-15
 k point #         386   input no. of plane waves =        1945
 k value =  0.300000012      0.433333337       1.26237862E-15
 k point #         387   input no. of plane waves =        1947
 k value =  0.333333343      0.433333337       1.26237862E-15
 k point #         388   input no. of plane waves =        1941
 k value =  0.366666675      0.433333337       1.26237862E-15
 k point #         389   input no. of plane waves =        1931
 k value =  0.400000006      0.433333337       1.26237862E-15
 k point #         390   input no. of plane waves =        1931
 k value =  0.433333337      0.433333337       1.26237862E-15
 k point #         391   input no. of plane waves =        1941
 k value =  0.466666669      0.433333337       1.26237862E-15
 k point #         392   input no. of plane waves =        1945
 k value =  0.500000000      0.433333337       1.26237862E-15
 k point #         393   input no. of plane waves =        1941
 k value = -0.466666669      0.433333337       1.26237862E-15
 k point #         394   input no. of plane waves =        1940
 k value = -0.433333337      0.433333337       1.26237862E-15
 k point #         395   input no. of plane waves =        1947
 k value = -0.400000006      0.433333337       1.26237862E-15
iq=395 qsym=1 ib=   4 Ei=  -1.7946 Ekin=  18.9225 Ekin_set=  19.7171
 k point #         396   input no. of plane waves =        1937
 k value = -0.366666675      0.433333337       1.26237862E-15
iq=396 qsym=1 ib=   4 Ei=  -1.6781 Ekin=  19.0390 Ekin_set=  19.7171
 k point #         397   input no. of plane waves =        1949
 k value = -0.333333343      0.433333337       1.26237862E-15
iq=397 qsym=1 ib=   4 Ei=  -1.6081 Ekin=  19.1090 Ekin_set=  19.7171
 k point #         398   input no. of plane waves =        1940
 k value = -0.300000012      0.433333337       1.26237862E-15
iq=398 qsym=1 ib=   4 Ei=  -1.5758 Ekin=  19.1413 Ekin_set=  19.7171
 k point #         399   input no. of plane waves =        1940
 k value = -0.266666681      0.433333337       1.26237862E-15
iq=399 qsym=1 ib=   4 Ei=  -1.5758 Ekin=  19.1413 Ekin_set=  19.7171
 k point #         400   input no. of plane waves =        1949
 k value = -0.233333334      0.433333337       1.26237862E-15
iq=400 qsym=1 ib=   4 Ei=  -1.6081 Ekin=  19.1090 Ekin_set=  19.7171
 k point #         401   input no. of plane waves =        1937
 k value = -0.200000003      0.433333337       1.26237862E-15
iq=401 qsym=1 ib=   4 Ei=  -1.6781 Ekin=  19.0390 Ekin_set=  19.7171
 k point #         402   input no. of plane waves =        1947
 k value = -0.166666672      0.433333337       1.26237862E-15
iq=402 qsym=1 ib=   4 Ei=  -1.7946 Ekin=  18.9225 Ekin_set=  19.7171
 k point #         403   input no. of plane waves =        1940
 k value = -0.133333340      0.433333337       1.26237862E-15
 k point #         404   input no. of plane waves =        1941
 k value = -0.100000001      0.433333337       1.26237862E-15
 k point #         405   input no. of plane waves =        1945
 k value =  -6.66666701E-02  0.433333337       1.26237862E-15
 k point #         406   input no. of plane waves =        1941
 k value =  -3.33333351E-02  0.433333337       1.26237862E-15
 k point #         407   input no. of plane waves =        1917
 k value =   3.33066907E-16  0.466666669       1.26237862E-15
 k point #         408   input no. of plane waves =        1941
 k value =   3.33333351E-02  0.466666669       1.26237862E-15
 k point #         409   input no. of plane waves =        1951
 k value =   6.66666701E-02  0.466666669       1.26237862E-15
 k point #         410   input no. of plane waves =        1945
 k value =  0.100000001      0.466666669       1.26237862E-15
 k point #         411   input no. of plane waves =        1945
 k value =  0.133333340      0.466666669       1.26237862E-15
 k point #         412   input no. of plane waves =        1953
 k value =  0.166666672      0.466666669       1.26237862E-15
 k point #         413   input no. of plane waves =        1936
 k value =  0.200000003      0.466666669       1.26237862E-15
 k point #         414   input no. of plane waves =        1948
 k value =  0.233333334      0.466666669       1.26237862E-15
 k point #         415   input no. of plane waves =        1936
 k value =  0.266666681      0.466666669       1.26237862E-15
 k point #         416   input no. of plane waves =        1953
 k value =  0.300000012      0.466666669       1.26237862E-15
 k point #         417   input no. of plane waves =        1945
 k value =  0.333333343      0.466666669       1.26237862E-15
 k point #         418   input no. of plane waves =        1945
 k value =  0.366666675      0.466666669       1.26237862E-15
 k point #         419   input no. of plane waves =        1951
 k value =  0.400000006      0.466666669       1.26237862E-15
 k point #         420   input no. of plane waves =        1941
 k value =  0.433333337      0.466666669       1.26237862E-15
 k point #         421   input no. of plane waves =        1917
 k value =  0.466666669      0.466666669       1.26237862E-15
 k point #         422   input no. of plane waves =        1935
 k value =  0.500000000      0.466666669       1.26237862E-15
 k point #         423   input no. of plane waves =        1938
 k value = -0.466666669      0.466666669       1.26237862E-15
 k point #         424   input no. of plane waves =        1941
 k value = -0.433333337      0.466666669       1.26237862E-15
 k point #         425   input no. of plane waves =        1947
 k value = -0.400000006      0.466666669       1.26237862E-15
 k point #         426   input no. of plane waves =        1951
 k value = -0.366666675      0.466666669       1.26237862E-15
 k point #         427   input no. of plane waves =        1949
 k value = -0.333333343      0.466666669       1.26237862E-15
 k point #         428   input no. of plane waves =        1943
 k value = -0.300000012      0.466666669       1.26237862E-15
 k point #         429   input no. of plane waves =        1942
 k value = -0.266666681      0.466666669       1.26237862E-15
 k point #         430   input no. of plane waves =        1943
 k value = -0.233333334      0.466666669       1.26237862E-15
 k point #         431   input no. of plane waves =        1949
 k value = -0.200000003      0.466666669       1.26237862E-15
 k point #         432   input no. of plane waves =        1951
 k value = -0.166666672      0.466666669       1.26237862E-15
 k point #         433   input no. of plane waves =        1947
 k value = -0.133333340      0.466666669       1.26237862E-15
 k point #         434   input no. of plane waves =        1941
 k value = -0.100000001      0.466666669       1.26237862E-15
 k point #         435   input no. of plane waves =        1938
 k value =  -6.66666701E-02  0.466666669       1.26237862E-15
 k point #         436   input no. of plane waves =        1935
 k value =  -3.33333351E-02  0.466666669       1.26237862E-15
 k point #         437   input no. of plane waves =        1910
 k value =   3.33066907E-16  0.500000000       1.26237862E-15
 k point #         438   input no. of plane waves =        1935
 k value =   3.33333351E-02  0.500000000       1.26237862E-15
 k point #         439   input no. of plane waves =        1945
 k value =   6.66666701E-02  0.500000000       1.26237862E-15
 k point #         440   input no. of plane waves =        1949
 k value =  0.100000001      0.500000000       1.26237862E-15
 k point #         441   input no. of plane waves =        1949
 k value =  0.133333340      0.500000000       1.26237862E-15
 k point #         442   input no. of plane waves =        1951
 k value =  0.166666672      0.500000000       1.26237862E-15
 k point #         443   input no. of plane waves =        1947
 k value =  0.200000003      0.500000000       1.26237862E-15
 k point #         444   input no. of plane waves =        1940
 k value =  0.233333334      0.500000000       1.26237862E-15
 k point #         445   input no. of plane waves =        1940
 k value =  0.266666681      0.500000000       1.26237862E-15
 k point #         446   input no. of plane waves =        1947
 k value =  0.300000012      0.500000000       1.26237862E-15
 k point #         447   input no. of plane waves =        1951
 k value =  0.333333343      0.500000000       1.26237862E-15
 k point #         448   input no. of plane waves =        1949
 k value =  0.366666675      0.500000000       1.26237862E-15
 k point #         449   input no. of plane waves =        1949
 k value =  0.400000006      0.500000000       1.26237862E-15
 k point #         450   input no. of plane waves =        1945
 k value =  0.433333337      0.500000000       1.26237862E-15
 k point #         451   input no. of plane waves =        1935
 k value =  0.466666669      0.500000000       1.26237862E-15
 k point #         452   input no. of plane waves =        1910
 k value =  0.500000000      0.500000000       1.26237862E-15

 ELAPSED WALL TIME =   0.36999999999898137       seconds

 DONE WITH ARUPS
